Time: 2023-06-24 04:22:29
Source: ETL
Level: INFO
Message: AAPL's start date is set as 2023-06-17
-----------------------------------
Time: 2023-06-24 04:22:29
Source: ETL
Level: INFO
Message: AAPL's end date is set as 2023-06-24
-----------------------------------
Time: 2023-06-24 04:22:30
Source: ETL
Level: INFO
Message: Download of AAPL's candle stick data completed
-----------------------------------
Time: 2023-06-24 04:22:30
Source: ETL
Level: INFO
Message: Transformation of AAPL's raw candle sticks data completed
-----------------------------------
Time: 2023-06-24 04:22:30
Source: ETL
Level: INFO
Message: Loading to <candle_sticks> completed
-----------------------------------
Time: 2023-06-24 04:22:30
Source: ETL
Level: INFO
Message: 20230617-20230624 ETL for AAPL completed
-----------------------------------
Time: 2023-06-24 04:22:30
Source: ETL
Level: INFO
Message: NVDA's start date is set as 2023-06-17
-----------------------------------
Time: 2023-06-24 04:22:30
Source: ETL
Level: INFO
Message: NVDA's end date is set as 2023-06-24
-----------------------------------
Time: 2023-06-24 04:22:30
Source: ETL
Level: INFO
Message: Download of NVDA's candle stick data completed
-----------------------------------
Time: 2023-06-24 04:22:30
Source: ETL
Level: INFO
Message: Transformation of NVDA's raw candle sticks data completed
-----------------------------------
Time: 2023-06-24 04:22:30
Source: ETL
Level: INFO
Message: Loading to <candle_sticks> completed
-----------------------------------
Time: 2023-06-24 04:22:30
Source: ETL
Level: INFO
Message: 20230617-20230624 ETL for NVDA completed
-----------------------------------
Time: 2023-06-24 04:22:30
Source: ETL
Level: INFO
Message: TSLA's start date is set as 2023-06-17
-----------------------------------
Time: 2023-06-24 04:22:30
Source: ETL
Level: INFO
Message: TSLA's end date is set as 2023-06-24
-----------------------------------
Time: 2023-06-24 04:22:30
Source: ETL
Level: INFO
Message: Download of TSLA's candle stick data completed
-----------------------------------
Time: 2023-06-24 04:22:30
Source: ETL
Level: INFO
Message: Transformation of TSLA's raw candle sticks data completed
-----------------------------------
Time: 2023-06-24 04:22:30
Source: ETL
Level: INFO
Message: Loading to <candle_sticks> completed
-----------------------------------
Time: 2023-06-24 04:22:30
Source: ETL
Level: INFO
Message: 20230617-20230624 ETL for TSLA completed
-----------------------------------
Time: 2023-06-24 04:22:30
Source: ETL
Level: INFO
Message: TSM's start date is set as 2023-06-17
-----------------------------------
Time: 2023-06-24 04:22:30
Source: ETL
Level: INFO
Message: TSM's end date is set as 2023-06-24
-----------------------------------
Time: 2023-06-24 04:22:30
Source: ETL
Level: INFO
Message: Download of TSM's candle stick data completed
-----------------------------------
Time: 2023-06-24 04:22:30
Source: ETL
Level: INFO
Message: Transformation of TSM's raw candle sticks data completed
-----------------------------------
Time: 2023-06-24 04:22:31
Source: ETL
Level: INFO
Message: Loading to <candle_sticks> completed
-----------------------------------
Time: 2023-06-24 04:22:31
Source: ETL
Level: INFO
Message: 20230617-20230624 ETL for TSM completed
-----------------------------------
Time: 2023-06-24 04:22:31
Source: ETL
Level: INFO
Message: MSFT's start date is set as 2023-06-17
-----------------------------------
Time: 2023-06-24 04:22:31
Source: ETL
Level: INFO
Message: MSFT's end date is set as 2023-06-24
-----------------------------------
Time: 2023-06-24 04:22:31
Source: ETL
Level: INFO
Message: Download of MSFT's candle stick data completed
-----------------------------------
Time: 2023-06-24 04:22:31
Source: ETL
Level: INFO
Message: Transformation of MSFT's raw candle sticks data completed
-----------------------------------
Time: 2023-06-24 04:22:31
Source: ETL
Level: INFO
Message: Loading to <candle_sticks> completed
-----------------------------------
Time: 2023-06-24 04:22:31
Source: ETL
Level: INFO
Message: 20230617-20230624 ETL for MSFT completed
-----------------------------------
