Time: 2023-06-24 04:22:29
Source: RDS
Level: INFO
Message: Connected to RDS
-----------------------------------
Time: 2023-06-24 04:22:29
Source: RDS
Level: INFO
Message: Retrieved from <last_update>
-----------------------------------
Time: 2023-06-24 04:22:30
Source: RDS
Level: INFO
Message: 4 entries loaded to table: <candle_sticks>
-----------------------------------
Time: 2023-06-24 04:22:30
Source: RDS
Level: INFO
Message: 1 entries are modified in <last_update>
-----------------------------------
Time: 2023-06-24 04:22:30
Source: RDS
Level: INFO
Message: Retrieved from <last_update>
-----------------------------------
Time: 2023-06-24 04:22:30
Source: RDS
Level: INFO
Message: 4 entries loaded to table: <candle_sticks>
-----------------------------------
Time: 2023-06-24 04:22:30
Source: RDS
Level: INFO
Message: 1 entries are modified in <last_update>
-----------------------------------
Time: 2023-06-24 04:22:30
Source: RDS
Level: INFO
Message: Retrieved from <last_update>
-----------------------------------
Time: 2023-06-24 04:22:30
Source: RDS
Level: INFO
Message: 4 entries loaded to table: <candle_sticks>
-----------------------------------
Time: 2023-06-24 04:22:30
Source: RDS
Level: INFO
Message: 1 entries are modified in <last_update>
-----------------------------------
Time: 2023-06-24 04:22:30
Source: RDS
Level: INFO
Message: Retrieved from <last_update>
-----------------------------------
Time: 2023-06-24 04:22:31
Source: RDS
Level: INFO
Message: 4 entries loaded to table: <candle_sticks>
-----------------------------------
Time: 2023-06-24 04:22:31
Source: RDS
Level: INFO
Message: 1 entries are modified in <last_update>
-----------------------------------
Time: 2023-06-24 04:22:31
Source: RDS
Level: INFO
Message: Retrieved from <last_update>
-----------------------------------
Time: 2023-06-24 04:22:31
Source: RDS
Level: INFO
Message: 4 entries loaded to table: <candle_sticks>
-----------------------------------
Time: 2023-06-24 04:22:31
Source: RDS
Level: INFO
Message: 1 entries are modified in <last_update>
-----------------------------------
Time: 2023-06-24 04:22:31
Source: RDS
Level: INFO
Message: Successfully committed
-----------------------------------
Time: 2023-06-24 04:22:31
Source: RDS
Level: INFO
Message: Disconnected from RDS
-----------------------------------
