Time: 2023-06-26 02:18:33
Source: RDS
Level: INFO
Message: Connected to RDS
-----------------------------------
Time: 2023-06-26 02:18:33
Source: RDS
Level: INFO
Message: Retrieved from <last_update>
-----------------------------------
Time: 2023-06-26 02:18:33
Source: RDS
Level: INFO
Message: 4 entries loaded to table: <candle_sticks>
-----------------------------------
Time: 2023-06-26 02:18:33
Source: RDS
Level: INFO
Message: 1 entries are modified in <last_update>
-----------------------------------
Time: 2023-06-26 02:18:33
Source: RDS
Level: INFO
Message: Retrieved from <last_update>
-----------------------------------
Time: 2023-06-26 02:18:33
Source: RDS
Level: INFO
Message: 4 entries loaded to table: <candle_sticks>
-----------------------------------
Time: 2023-06-26 02:18:33
Source: RDS
Level: INFO
Message: 1 entries are modified in <last_update>
-----------------------------------
Time: 2023-06-26 02:18:33
Source: RDS
Level: INFO
Message: Retrieved from <last_update>
-----------------------------------
Time: 2023-06-26 02:18:34
Source: RDS
Level: INFO
Message: 4 entries loaded to table: <candle_sticks>
-----------------------------------
Time: 2023-06-26 02:18:34
Source: RDS
Level: INFO
Message: 1 entries are modified in <last_update>
-----------------------------------
Time: 2023-06-26 02:18:34
Source: RDS
Level: INFO
Message: Retrieved from <last_update>
-----------------------------------
Time: 2023-06-26 02:18:34
Source: RDS
Level: INFO
Message: 4 entries loaded to table: <candle_sticks>
-----------------------------------
Time: 2023-06-26 02:18:34
Source: RDS
Level: INFO
Message: 1 entries are modified in <last_update>
-----------------------------------
Time: 2023-06-26 02:18:34
Source: RDS
Level: INFO
Message: Retrieved from <last_update>
-----------------------------------
Time: 2023-06-26 02:18:34
Source: RDS
Level: INFO
Message: 4 entries loaded to table: <candle_sticks>
-----------------------------------
Time: 2023-06-26 02:18:34
Source: RDS
Level: INFO
Message: 1 entries are modified in <last_update>
-----------------------------------
Time: 2023-06-26 02:18:34
Source: RDS
Level: INFO
Message: Successfully committed
-----------------------------------
Time: 2023-06-26 02:18:34
Source: RDS
Level: INFO
Message: Disconnected from RDS
-----------------------------------
